[2023-09-27 20:13:27] local.ERROR: SQLSTATE[HY000]: General error: 1005 Can't create table `bdvendas`.`pedidos` (errno: 150 "Foreign key constraint is incorrectly formed") (Connection: mysql, SQL: alter table `pedidos` add constraint `pedidos_produto_id_foreign` foreign key (`produto_id`) references `produtos` (`id`)) {"exception":"[object] (Illuminate\\Database\\QueryException(code: HY000): SQLSTATE[HY000]: General error: 1005 Can't create table `bdvendas`.`pedidos` (errno: 150 \"Foreign key constraint is incorrectly formed\") (Connection: mysql, SQL: alter table `pedidos` add constraint `pedidos_produto_id_foreign` foreign key (`produto_id`) references `produtos` (`id`)) at C:\\Users\\paulocandido\\Documents\\GitHub\\APIExemplo\\APIExemplo\\vendor\\laravel\\framework\\src\\Illuminate\\Database\\Connection.php:801)
[stacktrace]
#0 C:\\Users\\paulocandido\\Documents\\GitHub\\APIExemplo\\APIExemplo\\vendor\\laravel\\framework\\src\\Illuminate\\Database\\Connection.php(755): Illuminate\\Database\\Connection->runQueryCallback('alter table `pe...', Array, Object(Closure))
#1 C:\\Users\\paulocandido\\Documents\\GitHub\\APIExemplo\\APIExemplo\\vendor\\laravel\\framework\\src\\Illuminate\\Database\\Connection.php(581): Illuminate\\Database\\Connection->run('alter table `pe...', Array, Object(Closure))
#2 C:\\Users\\paulocandido\\Documents\\GitHub\\APIExemplo\\APIExemplo\\vendor\\laravel\\framework\\src\\Illuminate\\Database\\Schema\\Blueprint.php(110): Illuminate\\Database\\Connection->statement('alter table `pe...')
#3 C:\\Users\\paulocandido\\Documents\\GitHub\\APIExemplo\\APIExemplo\\vendor\\laravel\\framework\\src\\Illuminate\\Database\\Schema\\Builder.php(439): Illuminate\\Database\\Schema\\Blueprint->build(Object(Illuminate\\Database\\MySqlConnection), Object(Illuminate\\Database\\Schema\\Grammars\\MySqlGrammar))
#4 C:\\Users\\paulocandido\\Documents\\GitHub\\APIExemplo\\APIExemplo\\vendor\\laravel\\framework\\src\\Illuminate\\Database\\Schema\\Builder.php(285): Illuminate\\Database\\Schema\\Builder->build(Object(Illuminate\\Database\\Schema\\Blueprint))
#5 C:\\Users\\paulocandido\\Documents\\GitHub\\APIExemplo\\APIExemplo\\vendor\\laravel\\framework\\src\\Illuminate\\Support\\Facades\\Facade.php(353): Illuminate\\Database\\Schema\\Builder->create('pedidos', Object(Closure))
#6 C:\\Users\\paulocandido\\Documents\\GitHub\\APIExemplo\\APIExemplo\\database\\migrations\\2023_09_27_200722_create_pedidos_table.php(20): Illuminate\\Support\\Facades\\Facade::__callStatic('create', Array)
#7 C:\\Users\\paulocandido\\Documents\\GitHub\\APIExemplo\\APIExemplo\\vendor\\laravel\\framework\\src\\Illuminate\\Database\\Migrations\\Migrator.php(493): Illuminate\\Database\\Migrations\\Migration@anonymous->up()
#8 C:\\Users\\paulocandido\\Documents\\GitHub\\APIExemplo\\APIExemplo\\vendor\\laravel\\framework\\src\\Illuminate\\Database\\Migrations\\Migrator.php(410): Illuminate\\Database\\Migrations\\Migrator->runMethod(Object(Illuminate\\Database\\MySqlConnection), Object(Illuminate\\Database\\Migrations\\Migration@anonymous), 'up')
#9 C:\\Users\\paulocandido\\Documents\\GitHub\\APIExemplo\\APIExemplo\\vendor\\laravel\\framework\\src\\Illuminate\\Database\\Migrations\\Migrator.php(419): Illuminate\\Database\\Migrations\\Migrator->Illuminate\\Database\\Migrations\\{closure}()
#10 C:\\Users\\paulocandido\\Documents\\GitHub\\APIExemplo\\APIExemplo\\vendor\\laravel\\framework\\src\\Illuminate\\Database\\Migrations\\Migrator.php(216): Illuminate\\Database\\Migrations\\Migrator->runMigration(Object(Illuminate\\Database\\Migrations\\Migration@anonymous), 'up')
#11 C:\\Users\\paulocandido\\Documents\\GitHub\\APIExemplo\\APIExemplo\\vendor\\laravel\\framework\\src\\Illuminate\\Console\\View\\Components\\Task.php(37): Illuminate\\Database\\Migrations\\Migrator->Illuminate\\Database\\Migrations\\{closure}()
#12 C:\\Users\\paulocandido\\Documents\\GitHub\\APIExemplo\\APIExemplo\\vendor\\laravel\\framework\\src\\Illuminate\\Database\\Migrations\\Migrator.php(756): Illuminate\\Console\\View\\Components\\Task->render('2023_09_27_2007...', Object(Closure))
#13 C:\\Users\\paulocandido\\Documents\\GitHub\\APIExemplo\\APIExemplo\\vendor\\laravel\\framework\\src\\Illuminate\\Database\\Migrations\\Migrator.php(216): Illuminate\\Database\\Migrations\\Migrator->write('Illuminate\\\\Cons...', '2023_09_27_2007...', Object(Closure))
#14 C:\\Users\\paulocandido\\Documents\\GitHub\\APIExemplo\\APIExemplo\\vendor\\laravel\\framework\\src\\Illuminate\\Database\\Migrations\\Migrator.php(181): Illuminate\\Database\\Migrations\\Migrator->runUp('C:\\\\Users\\\\pauloc...', 1, false)
#15 C:\\Users\\paulocandido\\Documents\\GitHub\\APIExemplo\\APIExemplo\\vendor\\laravel\\framework\\src\\Illuminate\\Database\\Migrations\\Migrator.php(124): Illuminate\\Database\\Migrations\\Migrator->runPending(Array, Array)
#16 C:\\Users\\paulocandido\\Documents\\GitHub\\APIExemplo\\APIExemplo\\vendor\\laravel\\framework\\src\\Illuminate\\Database\\Console\\Migrations\\MigrateCommand.php(92): Illuminate\\Database\\Migrations\\Migrator->run(Array, Array)
#17 C:\\Users\\paulocandido\\Documents\\GitHub\\APIExemplo\\APIExemplo\\vendor\\laravel\\framework\\src\\Illuminate\\Database\\Migrations\\Migrator.php(633): Illuminate\\Database\\Console\\Migrations\\MigrateCommand->Illuminate\\Database\\Console\\Migrations\\{closure}()
#18 C:\\Users\\paulocandido\\Documents\\GitHub\\APIExemplo\\APIExemplo\\vendor\\laravel\\framework\\src\\Illuminate\\Database\\Console\\Migrations\\MigrateCommand.php(104): Illuminate\\Database\\Migrations\\Migrator->usingConnection(NULL, Object(Closure))
#19 C:\\Users\\paulocandido\\Documents\\GitHub\\APIExemplo\\APIExemplo\\vendor\\laravel\\framework\\src\\Illuminate\\Container\\BoundMethod.php(36): Illuminate\\Database\\Console\\Migrations\\MigrateCommand->handle()
#20 C:\\Users\\paulocandido\\Documents\\GitHub\\APIExemplo\\APIExemplo\\vendor\\laravel\\framework\\src\\Illuminate\\Container\\Util.php(41): Illuminate\\Container\\BoundMethod::Illuminate\\Container\\{closure}()
#21 C:\\Users\\paulocandido\\Documents\\GitHub\\APIExemplo\\APIExemplo\\vendor\\laravel\\framework\\src\\Illuminate\\Container\\BoundMethod.php(93): Illuminate\\Container\\Util::unwrapIfClosure(Object(Closure))
#22 C:\\Users\\paulocandido\\Documents\\GitHub\\APIExemplo\\APIExemplo\\vendor\\laravel\\framework\\src\\Illuminate\\Container\\BoundMethod.php(37): Illuminate\\Container\\BoundMethod::callBoundMethod(Object(Illuminate\\Foundation\\Application), Array, Object(Closure))
#23 C:\\Users\\paulocandido\\Documents\\GitHub\\APIExemplo\\APIExemplo\\vendor\\laravel\\framework\\src\\Illuminate\\Container\\Container.php(662): Illuminate\\Container\\BoundMethod::call(Object(Illuminate\\Foundation\\Application), Array, Array, NULL)
#24 C:\\Users\\paulocandido\\Documents\\GitHub\\APIExemplo\\APIExemplo\\vendor\\laravel\\framework\\src\\Illuminate\\Console\\Command.php(211): Illuminate\\Container\\Container->call(Array)
#25 C:\\Users\\paulocandido\\Documents\\GitHub\\APIExemplo\\APIExemplo\\vendor\\symfony\\console\\Command\\Command.php(326): Illuminate\\Console\\Command->execute(Object(Symfony\\Component\\Console\\Input\\ArgvInput), Object(Illuminate\\Console\\OutputStyle))
#26 C:\\Users\\paulocandido\\Documents\\GitHub\\APIExemplo\\APIExemplo\\vendor\\laravel\\framework\\src\\Illuminate\\Console\\Command.php(181): Symfony\\Component\\Console\\Command\\Command->run(Object(Symfony\\Component\\Console\\Input\\ArgvInput), Object(Illuminate\\Console\\OutputStyle))
#27 C:\\Users\\paulocandido\\Documents\\GitHub\\APIExemplo\\APIExemplo\\vendor\\symfony\\console\\Application.php(1081): Illuminate\\Console\\Command->run(Object(Symfony\\Component\\Console\\Input\\ArgvInput), Object(Symfony\\Component\\Console\\Output\\ConsoleOutput))
#28 C:\\Users\\paulocandido\\Documents\\GitHub\\APIExemplo\\APIExemplo\\vendor\\symfony\\console\\Application.php(320): Symfony\\Component\\Console\\Application->doRunCommand(Object(Illuminate\\Database\\Console\\Migrations\\MigrateCommand), Object(Symfony\\Component\\Console\\Input\\ArgvInput), Object(Symfony\\Component\\Console\\Output\\ConsoleOutput))
#29 C:\\Users\\paulocandido\\Documents\\GitHub\\APIExemplo\\APIExemplo\\vendor\\symfony\\console\\Application.php(174): Symfony\\Component\\Console\\Application->doRun(Object(Symfony\\Component\\Console\\Input\\ArgvInput), Object(Symfony\\Component\\Console\\Output\\ConsoleOutput))
#30 C:\\Users\\paulocandido\\Documents\\GitHub\\APIExemplo\\APIExemplo\\vendor\\laravel\\framework\\src\\Illuminate\\Foundation\\Console\\Kernel.php(201): Symfony\\Component\\Console\\Application->run(Object(Symfony\\Component\\Console\\Input\\ArgvInput), Object(Symfony\\Component\\Console\\Output\\ConsoleOutput))
#31 C:\\Users\\paulocandido\\Documents\\GitHub\\APIExemplo\\APIExemplo\\artisan(37): Illuminate\\Foundation\\Console\\Kernel->handle(Object(Symfony\\Component\\Console\\Input\\ArgvInput), Object(Symfony\\Component\\Console\\Output\\ConsoleOutput))
#32 {main}

[previous exception] [object] (PDOException(code: HY000): SQLSTATE[HY000]: General error: 1005 Can't create table `bdvendas`.`pedidos` (errno: 150 \"Foreign key constraint is incorrectly formed\") at C:\\Users\\paulocandido\\Documents\\GitHub\\APIExemplo\\APIExemplo\\vendor\\laravel\\framework\\src\\Illuminate\\Database\\Connection.php:580)
[stacktrace]
#0 C:\\Users\\paulocandido\\Documents\\GitHub\\APIExemplo\\APIExemplo\\vendor\\laravel\\framework\\src\\Illuminate\\Database\\Connection.php(580): PDOStatement->execute()
#1 C:\\Users\\paulocandido\\Documents\\GitHub\\APIExemplo\\APIExemplo\\vendor\\laravel\\framework\\src\\Illuminate\\Database\\Connection.php(788): Illuminate\\Database\\Connection->Illuminate\\Database\\{closure}('alter table `pe...', Array)
#2 C:\\Users\\paulocandido\\Documents\\GitHub\\APIExemplo\\APIExemplo\\vendor\\laravel\\framework\\src\\Illuminate\\Database\\Connection.php(755): Illuminate\\Database\\Connection->runQueryCallback('alter table `pe...', Array, Object(Closure))
#3 C:\\Users\\paulocandido\\Documents\\GitHub\\APIExemplo\\APIExemplo\\vendor\\laravel\\framework\\src\\Illuminate\\Database\\Connection.php(581): Illuminate\\Database\\Connection->run('alter table `pe...', Array, Object(Closure))
#4 C:\\Users\\paulocandido\\Documents\\GitHub\\APIExemplo\\APIExemplo\\vendor\\laravel\\framework\\src\\Illuminate\\Database\\Schema\\Blueprint.php(110): Illuminate\\Database\\Connection->statement('alter table `pe...')
#5 C:\\Users\\paulocandido\\Documents\\GitHub\\APIExemplo\\APIExemplo\\vendor\\laravel\\framework\\src\\Illuminate\\Database\\Schema\\Builder.php(439): Illuminate\\Database\\Schema\\Blueprint->build(Object(Illuminate\\Database\\MySqlConnection), Object(Illuminate\\Database\\Schema\\Grammars\\MySqlGrammar))
#6 C:\\Users\\paulocandido\\Documents\\GitHub\\APIExemplo\\APIExemplo\\vendor\\laravel\\framework\\src\\Illuminate\\Database\\Schema\\Builder.php(285): Illuminate\\Database\\Schema\\Builder->build(Object(Illuminate\\Database\\Schema\\Blueprint))
#7 C:\\Users\\paulocandido\\Documents\\GitHub\\APIExemplo\\APIExemplo\\vendor\\laravel\\framework\\src\\Illuminate\\Support\\Facades\\Facade.php(353): Illuminate\\Database\\Schema\\Builder->create('pedidos', Object(Closure))
#8 C:\\Users\\paulocandido\\Documents\\GitHub\\APIExemplo\\APIExemplo\\database\\migrations\\2023_09_27_200722_create_pedidos_table.php(20): Illuminate\\Support\\Facades\\Facade::__callStatic('create', Array)
#9 C:\\Users\\paulocandido\\Documents\\GitHub\\APIExemplo\\APIExemplo\\vendor\\laravel\\framework\\src\\Illuminate\\Database\\Migrations\\Migrator.php(493): Illuminate\\Database\\Migrations\\Migration@anonymous->up()
#10 C:\\Users\\paulocandido\\Documents\\GitHub\\APIExemplo\\APIExemplo\\vendor\\laravel\\framework\\src\\Illuminate\\Database\\Migrations\\Migrator.php(410): Illuminate\\Database\\Migrations\\Migrator->runMethod(Object(Illuminate\\Database\\MySqlConnection), Object(Illuminate\\Database\\Migrations\\Migration@anonymous), 'up')
#11 C:\\Users\\paulocandido\\Documents\\GitHub\\APIExemplo\\APIExemplo\\vendor\\laravel\\framework\\src\\Illuminate\\Database\\Migrations\\Migrator.php(419): Illuminate\\Database\\Migrations\\Migrator->Illuminate\\Database\\Migrations\\{closure}()
#12 C:\\Users\\paulocandido\\Documents\\GitHub\\APIExemplo\\APIExemplo\\vendor\\laravel\\framework\\src\\Illuminate\\Database\\Migrations\\Migrator.php(216): Illuminate\\Database\\Migrations\\Migrator->runMigration(Object(Illuminate\\Database\\Migrations\\Migration@anonymous), 'up')
#13 C:\\Users\\paulocandido\\Documents\\GitHub\\APIExemplo\\APIExemplo\\vendor\\laravel\\framework\\src\\Illuminate\\Console\\View\\Components\\Task.php(37): Illuminate\\Database\\Migrations\\Migrator->Illuminate\\Database\\Migrations\\{closure}()
#14 C:\\Users\\paulocandido\\Documents\\GitHub\\APIExemplo\\APIExemplo\\vendor\\laravel\\framework\\src\\Illuminate\\Database\\Migrations\\Migrator.php(756): Illuminate\\Console\\View\\Components\\Task->render('2023_09_27_2007...', Object(Closure))
#15 C:\\Users\\paulocandido\\Documents\\GitHub\\APIExemplo\\APIExemplo\\vendor\\laravel\\framework\\src\\Illuminate\\Database\\Migrations\\Migrator.php(216): Illuminate\\Database\\Migrations\\Migrator->write('Illuminate\\\\Cons...', '2023_09_27_2007...', Object(Closure))
#16 C:\\Users\\paulocandido\\Documents\\GitHub\\APIExemplo\\APIExemplo\\vendor\\laravel\\framework\\src\\Illuminate\\Database\\Migrations\\Migrator.php(181): Illuminate\\Database\\Migrations\\Migrator->runUp('C:\\\\Users\\\\pauloc...', 1, false)
#17 C:\\Users\\paulocandido\\Documents\\GitHub\\APIExemplo\\APIExemplo\\vendor\\laravel\\framework\\src\\Illuminate\\Database\\Migrations\\Migrator.php(124): Illuminate\\Database\\Migrations\\Migrator->runPending(Array, Array)
#18 C:\\Users\\paulocandido\\Documents\\GitHub\\APIExemplo\\APIExemplo\\vendor\\laravel\\framework\\src\\Illuminate\\Database\\Console\\Migrations\\MigrateCommand.php(92): Illuminate\\Database\\Migrations\\Migrator->run(Array, Array)
#19 C:\\Users\\paulocandido\\Documents\\GitHub\\APIExemplo\\APIExemplo\\vendor\\laravel\\framework\\src\\Illuminate\\Database\\Migrations\\Migrator.php(633): Illuminate\\Database\\Console\\Migrations\\MigrateCommand->Illuminate\\Database\\Console\\Migrations\\{closure}()
#20 C:\\Users\\paulocandido\\Documents\\GitHub\\APIExemplo\\APIExemplo\\vendor\\laravel\\framework\\src\\Illuminate\\Database\\Console\\Migrations\\MigrateCommand.php(104): Illuminate\\Database\\Migrations\\Migrator->usingConnection(NULL, Object(Closure))
#21 C:\\Users\\paulocandido\\Documents\\GitHub\\APIExemplo\\APIExemplo\\vendor\\laravel\\framework\\src\\Illuminate\\Container\\BoundMethod.php(36): Illuminate\\Database\\Console\\Migrations\\MigrateCommand->handle()
#22 C:\\Users\\paulocandido\\Documents\\GitHub\\APIExemplo\\APIExemplo\\vendor\\laravel\\framework\\src\\Illuminate\\Container\\Util.php(41): Illuminate\\Container\\BoundMethod::Illuminate\\Container\\{closure}()
#23 C:\\Users\\paulocandido\\Documents\\GitHub\\APIExemplo\\APIExemplo\\vendor\\laravel\\framework\\src\\Illuminate\\Container\\BoundMethod.php(93): Illuminate\\Container\\Util::unwrapIfClosure(Object(Closure))
#24 C:\\Users\\paulocandido\\Documents\\GitHub\\APIExemplo\\APIExemplo\\vendor\\laravel\\framework\\src\\Illuminate\\Container\\BoundMethod.php(37): Illuminate\\Container\\BoundMethod::callBoundMethod(Object(Illuminate\\Foundation\\Application), Array, Object(Closure))
#25 C:\\Users\\paulocandido\\Documents\\GitHub\\APIExemplo\\APIExemplo\\vendor\\laravel\\framework\\src\\Illuminate\\Container\\Container.php(662): Illuminate\\Container\\BoundMethod::call(Object(Illuminate\\Foundation\\Application), Array, Array, NULL)
#26 C:\\Users\\paulocandido\\Documents\\GitHub\\APIExemplo\\APIExemplo\\vendor\\laravel\\framework\\src\\Illuminate\\Console\\Command.php(211): Illuminate\\Container\\Container->call(Array)
#27 C:\\Users\\paulocandido\\Documents\\GitHub\\APIExemplo\\APIExemplo\\vendor\\symfony\\console\\Command\\Command.php(326): Illuminate\\Console\\Command->execute(Object(Symfony\\Component\\Console\\Input\\ArgvInput), Object(Illuminate\\Console\\OutputStyle))
#28 C:\\Users\\paulocandido\\Documents\\GitHub\\APIExemplo\\APIExemplo\\vendor\\laravel\\framework\\src\\Illuminate\\Console\\Command.php(181): Symfony\\Component\\Console\\Command\\Command->run(Object(Symfony\\Component\\Console\\Input\\ArgvInput), Object(Illuminate\\Console\\OutputStyle))
#29 C:\\Users\\paulocandido\\Documents\\GitHub\\APIExemplo\\APIExemplo\\vendor\\symfony\\console\\Application.php(1081): Illuminate\\Console\\Command->run(Object(Symfony\\Component\\Console\\Input\\ArgvInput), Object(Symfony\\Component\\Console\\Output\\ConsoleOutput))
#30 C:\\Users\\paulocandido\\Documents\\GitHub\\APIExemplo\\APIExemplo\\vendor\\symfony\\console\\Application.php(320): Symfony\\Component\\Console\\Application->doRunCommand(Object(Illuminate\\Database\\Console\\Migrations\\MigrateCommand), Object(Symfony\\Component\\Console\\Input\\ArgvInput), Object(Symfony\\Component\\Console\\Output\\ConsoleOutput))
#31 C:\\Users\\paulocandido\\Documents\\GitHub\\APIExemplo\\APIExemplo\\vendor\\symfony\\console\\Application.php(174): Symfony\\Component\\Console\\Application->doRun(Object(Symfony\\Component\\Console\\Input\\ArgvInput), Object(Symfony\\Component\\Console\\Output\\ConsoleOutput))
#32 C:\\Users\\paulocandido\\Documents\\GitHub\\APIExemplo\\APIExemplo\\vendor\\laravel\\framework\\src\\Illuminate\\Foundation\\Console\\Kernel.php(201): Symfony\\Component\\Console\\Application->run(Object(Symfony\\Component\\Console\\Input\\ArgvInput), Object(Symfony\\Component\\Console\\Output\\ConsoleOutput))
#33 C:\\Users\\paulocandido\\Documents\\GitHub\\APIExemplo\\APIExemplo\\artisan(37): Illuminate\\Foundation\\Console\\Kernel->handle(Object(Symfony\\Component\\Console\\Input\\ArgvInput), Object(Symfony\\Component\\Console\\Output\\ConsoleOutput))
#34 {main}
"} 
[2023-09-27 20:20:58] local.ERROR: SQLSTATE[42S22]: Column not found: 1054 Unknown column 'decricao' in 'field list' (Connection: mysql, SQL: insert into `produtos` (`decricao`, `preco`, `updated_at`, `created_at`) values (Monitor, 500, 2023-09-27 20:20:58, 2023-09-27 20:20:58)) {"exception":"[object] (Illuminate\\Database\\QueryException(code: 42S22): SQLSTATE[42S22]: Column not found: 1054 Unknown column 'decricao' in 'field list' (Connection: mysql, SQL: insert into `produtos` (`decricao`, `preco`, `updated_at`, `created_at`) values (Monitor, 500, 2023-09-27 20:20:58, 2023-09-27 20:20:58)) at C:\\Users\\paulocandido\\Documents\\GitHub\\APIExemplo\\APIExemplo\\vendor\\laravel\\framework\\src\\Illuminate\\Database\\Connection.php:801)
[stacktrace]
#0 C:\\Users\\paulocandido\\Documents\\GitHub\\APIExemplo\\APIExemplo\\vendor\\laravel\\framework\\src\\Illuminate\\Database\\Connection.php(755): Illuminate\\Database\\Connection->runQueryCallback('insert into `pr...', Array, Object(Closure))
#1 C:\\Users\\paulocandido\\Documents\\GitHub\\APIExemplo\\APIExemplo\\vendor\\laravel\\framework\\src\\Illuminate\\Database\\Connection.php(581): Illuminate\\Database\\Connection->run('insert into `pr...', Array, Object(Closure))
#2 C:\\Users\\paulocandido\\Documents\\GitHub\\APIExemplo\\APIExemplo\\vendor\\laravel\\framework\\src\\Illuminate\\Database\\Connection.php(533): Illuminate\\Database\\Connection->statement('insert into `pr...', Array)
#3 C:\\Users\\paulocandido\\Documents\\GitHub\\APIExemplo\\APIExemplo\\vendor\\laravel\\framework\\src\\Illuminate\\Database\\Query\\Processors\\Processor.php(32): Illuminate\\Database\\Connection->insert('insert into `pr...', Array)
#4 C:\\Users\\paulocandido\\Documents\\GitHub\\APIExemplo\\APIExemplo\\vendor\\laravel\\framework\\src\\Illuminate\\Database\\Query\\Builder.php(3387): Illuminate\\Database\\Query\\Processors\\Processor->processInsertGetId(Object(Illuminate\\Database\\Query\\Builder), 'insert into `pr...', Array, 'id')
#5 C:\\Users\\paulocandido\\Documents\\GitHub\\APIExemplo\\APIExemplo\\vendor\\laravel\\framework\\src\\Illuminate\\Database\\Eloquent\\Builder.php(1966): Illuminate\\Database\\Query\\Builder->insertGetId(Array, 'id')
#6 C:\\Users\\paulocandido\\Documents\\GitHub\\APIExemplo\\APIExemplo\\vendor\\laravel\\framework\\src\\Illuminate\\Database\\Eloquent\\Model.php(1333): Illuminate\\Database\\Eloquent\\Builder->__call('insertGetId', Array)
#7 C:\\Users\\paulocandido\\Documents\\GitHub\\APIExemplo\\APIExemplo\\vendor\\laravel\\framework\\src\\Illuminate\\Database\\Eloquent\\Model.php(1298): Illuminate\\Database\\Eloquent\\Model->insertAndSetId(Object(Illuminate\\Database\\Eloquent\\Builder), Array)
#8 C:\\Users\\paulocandido\\Documents\\GitHub\\APIExemplo\\APIExemplo\\vendor\\laravel\\framework\\src\\Illuminate\\Database\\Eloquent\\Model.php(1137): Illuminate\\Database\\Eloquent\\Model->performInsert(Object(Illuminate\\Database\\Eloquent\\Builder))
#9 C:\\Users\\paulocandido\\Documents\\GitHub\\APIExemplo\\APIExemplo\\vendor\\laravel\\framework\\src\\Illuminate\\Database\\Eloquent\\Builder.php(1021): Illuminate\\Database\\Eloquent\\Model->save()
#10 C:\\Users\\paulocandido\\Documents\\GitHub\\APIExemplo\\APIExemplo\\vendor\\laravel\\framework\\src\\Illuminate\\Support\\helpers.php(307): Illuminate\\Database\\Eloquent\\Builder->Illuminate\\Database\\Eloquent\\{closure}(Object(App\\Models\\Produto))
#11 C:\\Users\\paulocandido\\Documents\\GitHub\\APIExemplo\\APIExemplo\\vendor\\laravel\\framework\\src\\Illuminate\\Database\\Eloquent\\Builder.php(1022): tap(Object(App\\Models\\Produto), Object(Closure))
#12 C:\\Users\\paulocandido\\Documents\\GitHub\\APIExemplo\\APIExemplo\\vendor\\laravel\\framework\\src\\Illuminate\\Support\\Traits\\ForwardsCalls.php(23): Illuminate\\Database\\Eloquent\\Builder->create(Array)
#13 C:\\Users\\paulocandido\\Documents\\GitHub\\APIExemplo\\APIExemplo\\vendor\\laravel\\framework\\src\\Illuminate\\Database\\Eloquent\\Model.php(2333): Illuminate\\Database\\Eloquent\\Model->forwardCallTo(Object(Illuminate\\Database\\Eloquent\\Builder), 'create', Array)
#14 C:\\Users\\paulocandido\\Documents\\GitHub\\APIExemplo\\APIExemplo\\vendor\\laravel\\framework\\src\\Illuminate\\Database\\Eloquent\\Model.php(2345): Illuminate\\Database\\Eloquent\\Model->__call('create', Array)
#15 C:\\Users\\paulocandido\\Documents\\GitHub\\APIExemplo\\APIExemplo\\database\\seeders\\DatabaseSeeder.php(24): Illuminate\\Database\\Eloquent\\Model::__callStatic('create', Array)
#16 C:\\Users\\paulocandido\\Documents\\GitHub\\APIExemplo\\APIExemplo\\vendor\\laravel\\framework\\src\\Illuminate\\Container\\BoundMethod.php(36): Database\\Seeders\\DatabaseSeeder->run()
#17 C:\\Users\\paulocandido\\Documents\\GitHub\\APIExemplo\\APIExemplo\\vendor\\laravel\\framework\\src\\Illuminate\\Container\\Util.php(41): Illuminate\\Container\\BoundMethod::Illuminate\\Container\\{closure}()
#18 C:\\Users\\paulocandido\\Documents\\GitHub\\APIExemplo\\APIExemplo\\vendor\\laravel\\framework\\src\\Illuminate\\Container\\BoundMethod.php(93): Illuminate\\Container\\Util::unwrapIfClosure(Object(Closure))
#19 C:\\Users\\paulocandido\\Documents\\GitHub\\APIExemplo\\APIExemplo\\vendor\\laravel\\framework\\src\\Illuminate\\Container\\BoundMethod.php(37): Illuminate\\Container\\BoundMethod::callBoundMethod(Object(Illuminate\\Foundation\\Application), Array, Object(Closure))
#20 C:\\Users\\paulocandido\\Documents\\GitHub\\APIExemplo\\APIExemplo\\vendor\\laravel\\framework\\src\\Illuminate\\Container\\Container.php(662): Illuminate\\Container\\BoundMethod::call(Object(Illuminate\\Foundation\\Application), Array, Array, NULL)
#21 C:\\Users\\paulocandido\\Documents\\GitHub\\APIExemplo\\APIExemplo\\vendor\\laravel\\framework\\src\\Illuminate\\Database\\Seeder.php(184): Illuminate\\Container\\Container->call(Array, Array)
#22 C:\\Users\\paulocandido\\Documents\\GitHub\\APIExemplo\\APIExemplo\\vendor\\laravel\\framework\\src\\Illuminate\\Database\\Seeder.php(193): Illuminate\\Database\\Seeder->Illuminate\\Database\\{closure}()
#23 C:\\Users\\paulocandido\\Documents\\GitHub\\APIExemplo\\APIExemplo\\vendor\\laravel\\framework\\src\\Illuminate\\Database\\Console\\Seeds\\SeedCommand.php(70): Illuminate\\Database\\Seeder->__invoke()
#24 C:\\Users\\paulocandido\\Documents\\GitHub\\APIExemplo\\APIExemplo\\vendor\\laravel\\framework\\src\\Illuminate\\Database\\Eloquent\\Concerns\\GuardsAttributes.php(155): Illuminate\\Database\\Console\\Seeds\\SeedCommand->Illuminate\\Database\\Console\\Seeds\\{closure}()
#25 C:\\Users\\paulocandido\\Documents\\GitHub\\APIExemplo\\APIExemplo\\vendor\\laravel\\framework\\src\\Illuminate\\Database\\Console\\Seeds\\SeedCommand.php(71): Illuminate\\Database\\Eloquent\\Model::unguarded(Object(Closure))
#26 C:\\Users\\paulocandido\\Documents\\GitHub\\APIExemplo\\APIExemplo\\vendor\\laravel\\framework\\src\\Illuminate\\Container\\BoundMethod.php(36): Illuminate\\Database\\Console\\Seeds\\SeedCommand->handle()
#27 C:\\Users\\paulocandido\\Documents\\GitHub\\APIExemplo\\APIExemplo\\vendor\\laravel\\framework\\src\\Illuminate\\Container\\Util.php(41): Illuminate\\Container\\BoundMethod::Illuminate\\Container\\{closure}()
#28 C:\\Users\\paulocandido\\Documents\\GitHub\\APIExemplo\\APIExemplo\\vendor\\laravel\\framework\\src\\Illuminate\\Container\\BoundMethod.php(93): Illuminate\\Container\\Util::unwrapIfClosure(Object(Closure))
#29 C:\\Users\\paulocandido\\Documents\\GitHub\\APIExemplo\\APIExemplo\\vendor\\laravel\\framework\\src\\Illuminate\\Container\\BoundMethod.php(37): Illuminate\\Container\\BoundMethod::callBoundMethod(Object(Illuminate\\Foundation\\Application), Array, Object(Closure))
#30 C:\\Users\\paulocandido\\Documents\\GitHub\\APIExemplo\\APIExemplo\\vendor\\laravel\\framework\\src\\Illuminate\\Container\\Container.php(662): Illuminate\\Container\\BoundMethod::call(Object(Illuminate\\Foundation\\Application), Array, Array, NULL)
#31 C:\\Users\\paulocandido\\Documents\\GitHub\\APIExemplo\\APIExemplo\\vendor\\laravel\\framework\\src\\Illuminate\\Console\\Command.php(211): Illuminate\\Container\\Container->call(Array)
#32 C:\\Users\\paulocandido\\Documents\\GitHub\\APIExemplo\\APIExemplo\\vendor\\symfony\\console\\Command\\Command.php(326): Illuminate\\Console\\Command->execute(Object(Symfony\\Component\\Console\\Input\\ArgvInput), Object(Illuminate\\Console\\OutputStyle))
#33 C:\\Users\\paulocandido\\Documents\\GitHub\\APIExemplo\\APIExemplo\\vendor\\laravel\\framework\\src\\Illuminate\\Console\\Command.php(181): Symfony\\Component\\Console\\Command\\Command->run(Object(Symfony\\Component\\Console\\Input\\ArgvInput), Object(Illuminate\\Console\\OutputStyle))
#34 C:\\Users\\paulocandido\\Documents\\GitHub\\APIExemplo\\APIExemplo\\vendor\\symfony\\console\\Application.php(1081): Illuminate\\Console\\Command->run(Object(Symfony\\Component\\Console\\Input\\ArgvInput), Object(Symfony\\Component\\Console\\Output\\ConsoleOutput))
#35 C:\\Users\\paulocandido\\Documents\\GitHub\\APIExemplo\\APIExemplo\\vendor\\symfony\\console\\Application.php(320): Symfony\\Component\\Console\\Application->doRunCommand(Object(Illuminate\\Database\\Console\\Seeds\\SeedCommand), Object(Symfony\\Component\\Console\\Input\\ArgvInput), Object(Symfony\\Component\\Console\\Output\\ConsoleOutput))
#36 C:\\Users\\paulocandido\\Documents\\GitHub\\APIExemplo\\APIExemplo\\vendor\\symfony\\console\\Application.php(174): Symfony\\Component\\Console\\Application->doRun(Object(Symfony\\Component\\Console\\Input\\ArgvInput), Object(Symfony\\Component\\Console\\Output\\ConsoleOutput))
#37 C:\\Users\\paulocandido\\Documents\\GitHub\\APIExemplo\\APIExemplo\\vendor\\laravel\\framework\\src\\Illuminate\\Foundation\\Console\\Kernel.php(201): Symfony\\Component\\Console\\Application->run(Object(Symfony\\Component\\Console\\Input\\ArgvInput), Object(Symfony\\Component\\Console\\Output\\ConsoleOutput))
#38 C:\\Users\\paulocandido\\Documents\\GitHub\\APIExemplo\\APIExemplo\\artisan(37): Illuminate\\Foundation\\Console\\Kernel->handle(Object(Symfony\\Component\\Console\\Input\\ArgvInput), Object(Symfony\\Component\\Console\\Output\\ConsoleOutput))
#39 {main}

[previous exception] [object] (PDOException(code: 42S22): SQLSTATE[42S22]: Column not found: 1054 Unknown column 'decricao' in 'field list' at C:\\Users\\paulocandido\\Documents\\GitHub\\APIExemplo\\APIExemplo\\vendor\\laravel\\framework\\src\\Illuminate\\Database\\Connection.php:574)
[stacktrace]
#0 C:\\Users\\paulocandido\\Documents\\GitHub\\APIExemplo\\APIExemplo\\vendor\\laravel\\framework\\src\\Illuminate\\Database\\Connection.php(574): PDO->prepare('insert into `pr...')
#1 C:\\Users\\paulocandido\\Documents\\GitHub\\APIExemplo\\APIExemplo\\vendor\\laravel\\framework\\src\\Illuminate\\Database\\Connection.php(788): Illuminate\\Database\\Connection->Illuminate\\Database\\{closure}('insert into `pr...', Array)
#2 C:\\Users\\paulocandido\\Documents\\GitHub\\APIExemplo\\APIExemplo\\vendor\\laravel\\framework\\src\\Illuminate\\Database\\Connection.php(755): Illuminate\\Database\\Connection->runQueryCallback('insert into `pr...', Array, Object(Closure))
#3 C:\\Users\\paulocandido\\Documents\\GitHub\\APIExemplo\\APIExemplo\\vendor\\laravel\\framework\\src\\Illuminate\\Database\\Connection.php(581): Illuminate\\Database\\Connection->run('insert into `pr...', Array, Object(Closure))
#4 C:\\Users\\paulocandido\\Documents\\GitHub\\APIExemplo\\APIExemplo\\vendor\\laravel\\framework\\src\\Illuminate\\Database\\Connection.php(533): Illuminate\\Database\\Connection->statement('insert into `pr...', Array)
#5 C:\\Users\\paulocandido\\Documents\\GitHub\\APIExemplo\\APIExemplo\\vendor\\laravel\\framework\\src\\Illuminate\\Database\\Query\\Processors\\Processor.php(32): Illuminate\\Database\\Connection->insert('insert into `pr...', Array)
#6 C:\\Users\\paulocandido\\Documents\\GitHub\\APIExemplo\\APIExemplo\\vendor\\laravel\\framework\\src\\Illuminate\\Database\\Query\\Builder.php(3387): Illuminate\\Database\\Query\\Processors\\Processor->processInsertGetId(Object(Illuminate\\Database\\Query\\Builder), 'insert into `pr...', Array, 'id')
#7 C:\\Users\\paulocandido\\Documents\\GitHub\\APIExemplo\\APIExemplo\\vendor\\laravel\\framework\\src\\Illuminate\\Database\\Eloquent\\Builder.php(1966): Illuminate\\Database\\Query\\Builder->insertGetId(Array, 'id')
#8 C:\\Users\\paulocandido\\Documents\\GitHub\\APIExemplo\\APIExemplo\\vendor\\laravel\\framework\\src\\Illuminate\\Database\\Eloquent\\Model.php(1333): Illuminate\\Database\\Eloquent\\Builder->__call('insertGetId', Array)
#9 C:\\Users\\paulocandido\\Documents\\GitHub\\APIExemplo\\APIExemplo\\vendor\\laravel\\framework\\src\\Illuminate\\Database\\Eloquent\\Model.php(1298): Illuminate\\Database\\Eloquent\\Model->insertAndSetId(Object(Illuminate\\Database\\Eloquent\\Builder), Array)
#10 C:\\Users\\paulocandido\\Documents\\GitHub\\APIExemplo\\APIExemplo\\vendor\\laravel\\framework\\src\\Illuminate\\Database\\Eloquent\\Model.php(1137): Illuminate\\Database\\Eloquent\\Model->performInsert(Object(Illuminate\\Database\\Eloquent\\Builder))
#11 C:\\Users\\paulocandido\\Documents\\GitHub\\APIExemplo\\APIExemplo\\vendor\\laravel\\framework\\src\\Illuminate\\Database\\Eloquent\\Builder.php(1021): Illuminate\\Database\\Eloquent\\Model->save()
#12 C:\\Users\\paulocandido\\Documents\\GitHub\\APIExemplo\\APIExemplo\\vendor\\laravel\\framework\\src\\Illuminate\\Support\\helpers.php(307): Illuminate\\Database\\Eloquent\\Builder->Illuminate\\Database\\Eloquent\\{closure}(Object(App\\Models\\Produto))
#13 C:\\Users\\paulocandido\\Documents\\GitHub\\APIExemplo\\APIExemplo\\vendor\\laravel\\framework\\src\\Illuminate\\Database\\Eloquent\\Builder.php(1022): tap(Object(App\\Models\\Produto), Object(Closure))
#14 C:\\Users\\paulocandido\\Documents\\GitHub\\APIExemplo\\APIExemplo\\vendor\\laravel\\framework\\src\\Illuminate\\Support\\Traits\\ForwardsCalls.php(23): Illuminate\\Database\\Eloquent\\Builder->create(Array)
#15 C:\\Users\\paulocandido\\Documents\\GitHub\\APIExemplo\\APIExemplo\\vendor\\laravel\\framework\\src\\Illuminate\\Database\\Eloquent\\Model.php(2333): Illuminate\\Database\\Eloquent\\Model->forwardCallTo(Object(Illuminate\\Database\\Eloquent\\Builder), 'create', Array)
#16 C:\\Users\\paulocandido\\Documents\\GitHub\\APIExemplo\\APIExemplo\\vendor\\laravel\\framework\\src\\Illuminate\\Database\\Eloquent\\Model.php(2345): Illuminate\\Database\\Eloquent\\Model->__call('create', Array)
#17 C:\\Users\\paulocandido\\Documents\\GitHub\\APIExemplo\\APIExemplo\\database\\seeders\\DatabaseSeeder.php(24): Illuminate\\Database\\Eloquent\\Model::__callStatic('create', Array)
#18 C:\\Users\\paulocandido\\Documents\\GitHub\\APIExemplo\\APIExemplo\\vendor\\laravel\\framework\\src\\Illuminate\\Container\\BoundMethod.php(36): Database\\Seeders\\DatabaseSeeder->run()
#19 C:\\Users\\paulocandido\\Documents\\GitHub\\APIExemplo\\APIExemplo\\vendor\\laravel\\framework\\src\\Illuminate\\Container\\Util.php(41): Illuminate\\Container\\BoundMethod::Illuminate\\Container\\{closure}()
#20 C:\\Users\\paulocandido\\Documents\\GitHub\\APIExemplo\\APIExemplo\\vendor\\laravel\\framework\\src\\Illuminate\\Container\\BoundMethod.php(93): Illuminate\\Container\\Util::unwrapIfClosure(Object(Closure))
#21 C:\\Users\\paulocandido\\Documents\\GitHub\\APIExemplo\\APIExemplo\\vendor\\laravel\\framework\\src\\Illuminate\\Container\\BoundMethod.php(37): Illuminate\\Container\\BoundMethod::callBoundMethod(Object(Illuminate\\Foundation\\Application), Array, Object(Closure))
#22 C:\\Users\\paulocandido\\Documents\\GitHub\\APIExemplo\\APIExemplo\\vendor\\laravel\\framework\\src\\Illuminate\\Container\\Container.php(662): Illuminate\\Container\\BoundMethod::call(Object(Illuminate\\Foundation\\Application), Array, Array, NULL)
#23 C:\\Users\\paulocandido\\Documents\\GitHub\\APIExemplo\\APIExemplo\\vendor\\laravel\\framework\\src\\Illuminate\\Database\\Seeder.php(184): Illuminate\\Container\\Container->call(Array, Array)
#24 C:\\Users\\paulocandido\\Documents\\GitHub\\APIExemplo\\APIExemplo\\vendor\\laravel\\framework\\src\\Illuminate\\Database\\Seeder.php(193): Illuminate\\Database\\Seeder->Illuminate\\Database\\{closure}()
#25 C:\\Users\\paulocandido\\Documents\\GitHub\\APIExemplo\\APIExemplo\\vendor\\laravel\\framework\\src\\Illuminate\\Database\\Console\\Seeds\\SeedCommand.php(70): Illuminate\\Database\\Seeder->__invoke()
#26 C:\\Users\\paulocandido\\Documents\\GitHub\\APIExemplo\\APIExemplo\\vendor\\laravel\\framework\\src\\Illuminate\\Database\\Eloquent\\Concerns\\GuardsAttributes.php(155): Illuminate\\Database\\Console\\Seeds\\SeedCommand->Illuminate\\Database\\Console\\Seeds\\{closure}()
#27 C:\\Users\\paulocandido\\Documents\\GitHub\\APIExemplo\\APIExemplo\\vendor\\laravel\\framework\\src\\Illuminate\\Database\\Console\\Seeds\\SeedCommand.php(71): Illuminate\\Database\\Eloquent\\Model::unguarded(Object(Closure))
#28 C:\\Users\\paulocandido\\Documents\\GitHub\\APIExemplo\\APIExemplo\\vendor\\laravel\\framework\\src\\Illuminate\\Container\\BoundMethod.php(36): Illuminate\\Database\\Console\\Seeds\\SeedCommand->handle()
#29 C:\\Users\\paulocandido\\Documents\\GitHub\\APIExemplo\\APIExemplo\\vendor\\laravel\\framework\\src\\Illuminate\\Container\\Util.php(41): Illuminate\\Container\\BoundMethod::Illuminate\\Container\\{closure}()
#30 C:\\Users\\paulocandido\\Documents\\GitHub\\APIExemplo\\APIExemplo\\vendor\\laravel\\framework\\src\\Illuminate\\Container\\BoundMethod.php(93): Illuminate\\Container\\Util::unwrapIfClosure(Object(Closure))
#31 C:\\Users\\paulocandido\\Documents\\GitHub\\APIExemplo\\APIExemplo\\vendor\\laravel\\framework\\src\\Illuminate\\Container\\BoundMethod.php(37): Illuminate\\Container\\BoundMethod::callBoundMethod(Object(Illuminate\\Foundation\\Application), Array, Object(Closure))
#32 C:\\Users\\paulocandido\\Documents\\GitHub\\APIExemplo\\APIExemplo\\vendor\\laravel\\framework\\src\\Illuminate\\Container\\Container.php(662): Illuminate\\Container\\BoundMethod::call(Object(Illuminate\\Foundation\\Application), Array, Array, NULL)
#33 C:\\Users\\paulocandido\\Documents\\GitHub\\APIExemplo\\APIExemplo\\vendor\\laravel\\framework\\src\\Illuminate\\Console\\Command.php(211): Illuminate\\Container\\Container->call(Array)
#34 C:\\Users\\paulocandido\\Documents\\GitHub\\APIExemplo\\APIExemplo\\vendor\\symfony\\console\\Command\\Command.php(326): Illuminate\\Console\\Command->execute(Object(Symfony\\Component\\Console\\Input\\ArgvInput), Object(Illuminate\\Console\\OutputStyle))
#35 C:\\Users\\paulocandido\\Documents\\GitHub\\APIExemplo\\APIExemplo\\vendor\\laravel\\framework\\src\\Illuminate\\Console\\Command.php(181): Symfony\\Component\\Console\\Command\\Command->run(Object(Symfony\\Component\\Console\\Input\\ArgvInput), Object(Illuminate\\Console\\OutputStyle))
#36 C:\\Users\\paulocandido\\Documents\\GitHub\\APIExemplo\\APIExemplo\\vendor\\symfony\\console\\Application.php(1081): Illuminate\\Console\\Command->run(Object(Symfony\\Component\\Console\\Input\\ArgvInput), Object(Symfony\\Component\\Console\\Output\\ConsoleOutput))
#37 C:\\Users\\paulocandido\\Documents\\GitHub\\APIExemplo\\APIExemplo\\vendor\\symfony\\console\\Application.php(320): Symfony\\Component\\Console\\Application->doRunCommand(Object(Illuminate\\Database\\Console\\Seeds\\SeedCommand), Object(Symfony\\Component\\Console\\Input\\ArgvInput), Object(Symfony\\Component\\Console\\Output\\ConsoleOutput))
#38 C:\\Users\\paulocandido\\Documents\\GitHub\\APIExemplo\\APIExemplo\\vendor\\symfony\\console\\Application.php(174): Symfony\\Component\\Console\\Application->doRun(Object(Symfony\\Component\\Console\\Input\\ArgvInput), Object(Symfony\\Component\\Console\\Output\\ConsoleOutput))
#39 C:\\Users\\paulocandido\\Documents\\GitHub\\APIExemplo\\APIExemplo\\vendor\\laravel\\framework\\src\\Illuminate\\Foundation\\Console\\Kernel.php(201): Symfony\\Component\\Console\\Application->run(Object(Symfony\\Component\\Console\\Input\\ArgvInput), Object(Symfony\\Component\\Console\\Output\\ConsoleOutput))
#40 C:\\Users\\paulocandido\\Documents\\GitHub\\APIExemplo\\APIExemplo\\artisan(37): Illuminate\\Foundation\\Console\\Kernel->handle(Object(Symfony\\Component\\Console\\Input\\ArgvInput), Object(Symfony\\Component\\Console\\Output\\ConsoleOutput))
#41 {main}
"} 
